0 info it worked if it ends with ok
1 verbose cli [ 'C:\\Program Files\\nodejs\\node.exe',
1 verbose cli   'C:\\Program Files\\nodejs\\node_modules\\npm\\bin\\npm-cli.js',
1 verbose cli   'run',
1 verbose cli   'serve' ]
2 info using npm@3.10.10
3 info using node@v6.11.2
4 verbose run-script [ 'preserve', 'serve', 'postserve' ]
5 info lifecycle angular-io-example@1.0.0~preserve: angular-io-example@1.0.0
6 silly lifecycle angular-io-example@1.0.0~preserve: no script for preserve, continuing
7 info lifecycle angular-io-example@1.0.0~serve: angular-io-example@1.0.0
8 verbose lifecycle angular-io-example@1.0.0~serve: unsafe-perm in lifecycle true
9 verbose lifecycle angular-io-example@1.0.0~serve: PATH: C:\Program Files\nodejs\node_modules\npm\bin\node-gyp-bin;C:\Users\kintas1\Downloads\dynamic-form\node_modules\.bin;C:\Program Files\nodejs\node_modules\npm\bin\node-gyp-bin;C:\Users\kintas1\Downloads\dynamic-form\node_modules\.bin;C:\PROGRA~1\Oracle\Client\12c\12.1.0.2.0x64_1\Client\bin;C:\ProgramData\Oracle\Java\javapath;C:\WINDOWS\system32;C:\WINDOWS;C:\WINDOWS\System32\Wbem;C:\WINDOWS\System32\WindowsPowerShell\v1.0\;C:\WINDOWS\System32\WindowsPowerShell\v1.0\;C:\windows\ESD\Utilities;C:\Program Files (x86)\Lotus\Notes;C:\Program Files (x86)\Simon Tatham\PuTTY\;C:\Program Files\TortoiseSVN\bin;C:\Program Files (x86)\Git\cmd;C:\Program Files (x86)\Windows Kits\8.1\Windows Performance Toolkit\;C:\Program Files\nodejs\;C:\Program Files\1E\NomadBranch\
10 verbose lifecycle angular-io-example@1.0.0~serve: CWD: C:\Users\kintas1\Downloads\dynamic-form
11 silly lifecycle angular-io-example@1.0.0~serve: Args: [ '/d /s /c', 'lite-server -c=bs-config.json' ]
12 silly lifecycle angular-io-example@1.0.0~serve: Returned: code: 1073807364  signal: null
13 info lifecycle angular-io-example@1.0.0~serve: Failed to exec serve script
14 verbose stack Error: angular-io-example@1.0.0 serve: `lite-server -c=bs-config.json`
14 verbose stack Exit status 1073807364
14 verbose stack     at EventEmitter.<anonymous> (C:\Program Files\nodejs\node_modules\npm\lib\utils\lifecycle.js:255:16)
14 verbose stack     at emitTwo (events.js:106:13)
14 verbose stack     at EventEmitter.emit (events.js:191:7)
14 verbose stack     at ChildProcess.<anonymous> (C:\Program Files\nodejs\node_modules\npm\lib\utils\spawn.js:40:14)
14 verbose stack     at emitTwo (events.js:106:13)
14 verbose stack     at ChildProcess.emit (events.js:191:7)
14 verbose stack     at maybeClose (internal/child_process.js:891:16)
14 verbose stack     at Process.ChildProcess._handle.onexit (internal/child_process.js:226:5)
15 verbose pkgid angular-io-example@1.0.0
16 verbose cwd C:\Users\kintas1\Downloads\dynamic-form
17 error Windows_NT 6.1.7601
18 error argv "C:\\Program Files\\nodejs\\node.exe" "C:\\Program Files\\nodejs\\node_modules\\npm\\bin\\npm-cli.js" "run" "serve"
19 error node v6.11.2
20 error npm  v3.10.10
21 error code ELIFECYCLE
22 error angular-io-example@1.0.0 serve: `lite-server -c=bs-config.json`
22 error Exit status 1073807364
23 error Failed at the angular-io-example@1.0.0 serve script 'lite-server -c=bs-config.json'.
23 error Make sure you have the latest version of node.js and npm installed.
23 error If you do, this is most likely a problem with the angular-io-example package,
23 error not with npm itself.
23 error Tell the author that this fails on your system:
23 error     lite-server -c=bs-config.json
23 error You can get information on how to open an issue for this project with:
23 error     npm bugs angular-io-example
23 error Or if that isn't available, you can get their info via:
23 error     npm owner ls angular-io-example
23 error There is likely additional logging output above.
24 verbose exit [ 1, true ]
